{"C:\\Users\\User\\Todo-app\\src\\app.js": {"path":"C:\\Users\\User\\Todo-app\\src\\app.js","statementMap":{"0":{"start":{"line":1,"column":0},"end":{"line":1,"column":27}},"1":{"start":{"line":2,"column":16},"end":{"line":2,"column":34}},"2":{"start":{"line":3,"column":19},"end":{"line":3,"column":41}},"3":{"start":{"line":4,"column":15},"end":{"line":4,"column":34}},"4":{"start":{"line":6,"column":12},"end":{"line":6,"column":21}},"5":{"start":{"line":7,"column":13},"end":{"line":7,"column":37}},"6":{"start":{"line":10,"column":12},"end":{"line":10,"column":14}},"7":{"start":{"line":11,"column":13},"end":{"line":11,"column":14}},"8":{"start":{"line":14,"column":0},"end":{"line":14,"column":24}},"9":{"start":{"line":17,"column":17},"end":{"line":17,"column":42}},"10":{"start":{"line":18,"column":0},"end":{"line":18,"column":47}},"11":{"start":{"line":20,"column":27},"end":{"line":25,"column":2}},"12":{"start":{"line":27,"column":28},"end":{"line":32,"column":2}},"13":{"start":{"line":35,"column":0},"end":{"line":48,"column":3}},"14":{"start":{"line":36,"column":24},"end":{"line":36,"column":117}},"15":{"start":{"line":37,"column":2},"end":{"line":37,"column":36}},"16":{"start":{"line":38,"column":2},"end":{"line":38,"column":51}},"17":{"start":{"line":40,"column":16},"end":{"line":40,"column":26}},"18":{"start":{"line":41,"column":2},"end":{"line":46,"column":5}},"19":{"start":{"line":42,"column":21},"end":{"line":42,"column":48}},"20":{"start":{"line":43,"column":4},"end":{"line":43,"column":91}},"21":{"start":{"line":44,"column":4},"end":{"line":44,"column":82}},"22":{"start":{"line":45,"column":4},"end":{"line":45,"column":137}},"23":{"start":{"line":47,"column":2},"end":{"line":47,"column":9}},"24":{"start":{"line":51,"column":0},"end":{"line":53,"column":3}},"25":{"start":{"line":52,"column":2},"end":{"line":52,"column":71}},"26":{"start":{"line":56,"column":0},"end":{"line":59,"column":3}},"27":{"start":{"line":57,"column":2},"end":{"line":57,"column":48}},"28":{"start":{"line":58,"column":2},"end":{"line":58,"column":36}},"29":{"start":{"line":62,"column":0},"end":{"line":64,"column":3}},"30":{"start":{"line":63,"column":2},"end":{"line":63,"column":43}},"31":{"start":{"line":67,"column":0},"end":{"line":71,"column":3}},"32":{"start":{"line":68,"column":15},"end":{"line":68,"column":64}},"33":{"start":{"line":68,"column":31},"end":{"line":68,"column":63}},"34":{"start":{"line":69,"column":2},"end":{"line":69,"column":70}},"35":{"start":{"line":69,"column":13},"end":{"line":69,"column":70}},"36":{"start":{"line":70,"column":2},"end":{"line":70,"column":17}},"37":{"start":{"line":74,"column":0},"end":{"line":90,"column":3}},"38":{"start":{"line":75,"column":20},"end":{"line":75,"column":28}},"39":{"start":{"line":76,"column":2},"end":{"line":78,"column":3}},"40":{"start":{"line":77,"column":4},"end":{"line":77,"column":64}},"41":{"start":{"line":80,"column":15},"end":{"line":85,"column":3}},"42":{"start":{"line":87,"column":2},"end":{"line":87,"column":19}},"43":{"start":{"line":88,"column":2},"end":{"line":88,"column":85}},"44":{"start":{"line":89,"column":2},"end":{"line":89,"column":29}},"45":{"start":{"line":93,"column":0},"end":{"line":103,"column":3}},"46":{"start":{"line":94,"column":15},"end":{"line":94,"column":64}},"47":{"start":{"line":94,"column":31},"end":{"line":94,"column":63}},"48":{"start":{"line":95,"column":2},"end":{"line":95,"column":70}},"49":{"start":{"line":95,"column":13},"end":{"line":95,"column":70}},"50":{"start":{"line":97,"column":31},"end":{"line":97,"column":39}},"51":{"start":{"line":98,"column":2},"end":{"line":98,"column":46}},"52":{"start":{"line":98,"column":27},"end":{"line":98,"column":46}},"53":{"start":{"line":99,"column":2},"end":{"line":99,"column":58}},"54":{"start":{"line":99,"column":31},"end":{"line":99,"column":58}},"55":{"start":{"line":101,"column":2},"end":{"line":101,"column":85}},"56":{"start":{"line":102,"column":2},"end":{"line":102,"column":17}},"57":{"start":{"line":106,"column":0},"end":{"line":113,"column":3}},"58":{"start":{"line":107,"column":16},"end":{"line":107,"column":70}},"59":{"start":{"line":107,"column":37},"end":{"line":107,"column":69}},"60":{"start":{"line":108,"column":2},"end":{"line":108,"column":77}},"61":{"start":{"line":108,"column":20},"end":{"line":108,"column":77}},"62":{"start":{"line":110,"column":18},"end":{"line":110,"column":43}},"63":{"start":{"line":111,"column":2},"end":{"line":111,"column":88}},"64":{"start":{"line":112,"column":2},"end":{"line":112,"column":68}},"65":{"start":{"line":116,"column":0},"end":{"line":118,"column":3}},"66":{"start":{"line":117,"column":2},"end":{"line":117,"column":53}},"67":{"start":{"line":121,"column":0},"end":{"line":124,"column":3}},"68":{"start":{"line":122,"column":2},"end":{"line":122,"column":92}},"69":{"start":{"line":123,"column":2},"end":{"line":123,"column":59}},"70":{"start":{"line":127,"column":0},"end":{"line":131,"column":1}},"71":{"start":{"line":128,"column":2},"end":{"line":130,"column":5}},"72":{"start":{"line":129,"column":4},"end":{"line":129,"column":114}},"73":{"start":{"line":134,"column":0},"end":{"line":137,"column":3}},"74":{"start":{"line":135,"column":2},"end":{"line":135,"column":60}},"75":{"start":{"line":136,"column":2},"end":{"line":136,"column":18}},"76":{"start":{"line":139,"column":0},"end":{"line":139,"column":21}}},"fnMap":{"0":{"name":"(anonymous_0)","decl":{"start":{"line":35,"column":8},"end":{"line":35,"column":9}},"loc":{"start":{"line":35,"column":28},"end":{"line":48,"column":1}},"line":35},"1":{"name":"(anonymous_1)","decl":{"start":{"line":41,"column":19},"end":{"line":41,"column":20}},"loc":{"start":{"line":41,"column":25},"end":{"line":46,"column":3}},"line":41},"2":{"name":"(anonymous_2)","decl":{"start":{"line":51,"column":19},"end":{"line":51,"column":20}},"loc":{"start":{"line":51,"column":33},"end":{"line":53,"column":1}},"line":51},"3":{"name":"(anonymous_3)","decl":{"start":{"line":56,"column":20},"end":{"line":56,"column":21}},"loc":{"start":{"line":56,"column":40},"end":{"line":59,"column":1}},"line":56},"4":{"name":"(anonymous_4)","decl":{"start":{"line":62,"column":18},"end":{"line":62,"column":19}},"loc":{"start":{"line":62,"column":32},"end":{"line":64,"column":1}},"line":62},"5":{"name":"(anonymous_5)","decl":{"start":{"line":67,"column":22},"end":{"line":67,"column":23}},"loc":{"start":{"line":67,"column":36},"end":{"line":71,"column":1}},"line":67},"6":{"name":"(anonymous_6)","decl":{"start":{"line":68,"column":26},"end":{"line":68,"column":27}},"loc":{"start":{"line":68,"column":31},"end":{"line":68,"column":63}},"line":68},"7":{"name":"(anonymous_7)","decl":{"start":{"line":74,"column":19},"end":{"line":74,"column":20}},"loc":{"start":{"line":74,"column":33},"end":{"line":90,"column":1}},"line":74},"8":{"name":"(anonymous_8)","decl":{"start":{"line":93,"column":22},"end":{"line":93,"column":23}},"loc":{"start":{"line":93,"column":36},"end":{"line":103,"column":1}},"line":93},"9":{"name":"(anonymous_9)","decl":{"start":{"line":94,"column":26},"end":{"line":94,"column":27}},"loc":{"start":{"line":94,"column":31},"end":{"line":94,"column":63}},"line":94},"10":{"name":"(anonymous_10)","decl":{"start":{"line":106,"column":25},"end":{"line":106,"column":26}},"loc":{"start":{"line":106,"column":39},"end":{"line":113,"column":1}},"line":106},"11":{"name":"(anonymous_11)","decl":{"start":{"line":107,"column":32},"end":{"line":107,"column":33}},"loc":{"start":{"line":107,"column":37},"end":{"line":107,"column":69}},"line":107},"12":{"name":"(anonymous_12)","decl":{"start":{"line":116,"column":8},"end":{"line":116,"column":9}},"loc":{"start":{"line":116,"column":22},"end":{"line":118,"column":1}},"line":116},"13":{"name":"(anonymous_13)","decl":{"start":{"line":121,"column":8},"end":{"line":121,"column":9}},"loc":{"start":{"line":121,"column":33},"end":{"line":124,"column":1}},"line":121},"14":{"name":"(anonymous_14)","decl":{"start":{"line":128,"column":19},"end":{"line":128,"column":20}},"loc":{"start":{"line":128,"column":25},"end":{"line":130,"column":3}},"line":128},"15":{"name":"(anonymous_15)","decl":{"start":{"line":134,"column":22},"end":{"line":134,"column":23}},"loc":{"start":{"line":134,"column":28},"end":{"line":137,"column":1}},"line":134}},"branchMap":{"0":{"loc":{"start":{"line":7,"column":13},"end":{"line":7,"column":37}},"type":"binary-expr","locations":[{"start":{"line":7,"column":13},"end":{"line":7,"column":29}},{"start":{"line":7,"column":33},"end":{"line":7,"column":37}}],"line":7},"1":{"loc":{"start":{"line":36,"column":24},"end":{"line":36,"column":117}},"type":"binary-expr","locations":[{"start":{"line":36,"column":24},"end":{"line":36,"column":55}},{"start":{"line":36,"column":59},"end":{"line":36,"column":117}}],"line":36},"2":{"loc":{"start":{"line":69,"column":2},"end":{"line":69,"column":70}},"type":"if","locations":[{"start":{"line":69,"column":2},"end":{"line":69,"column":70}},{"start":{},"end":{}}],"line":69},"3":{"loc":{"start":{"line":76,"column":2},"end":{"line":78,"column":3}},"type":"if","locations":[{"start":{"line":76,"column":2},"end":{"line":78,"column":3}},{"start":{},"end":{}}],"line":76},"4":{"loc":{"start":{"line":76,"column":6},"end":{"line":76,"column":35}},"type":"binary-expr","locations":[{"start":{"line":76,"column":6},"end":{"line":76,"column":12}},{"start":{"line":76,"column":16},"end":{"line":76,"column":35}}],"line":76},"5":{"loc":{"start":{"line":95,"column":2},"end":{"line":95,"column":70}},"type":"if","locations":[{"start":{"line":95,"column":2},"end":{"line":95,"column":70}},{"start":{},"end":{}}],"line":95},"6":{"loc":{"start":{"line":98,"column":2},"end":{"line":98,"column":46}},"type":"if","locations":[{"start":{"line":98,"column":2},"end":{"line":98,"column":46}},{"start":{},"end":{}}],"line":98},"7":{"loc":{"start":{"line":99,"column":2},"end":{"line":99,"column":58}},"type":"if","locations":[{"start":{"line":99,"column":2},"end":{"line":99,"column":58}},{"start":{},"end":{}}],"line":99},"8":{"loc":{"start":{"line":108,"column":2},"end":{"line":108,"column":77}},"type":"if","locations":[{"start":{"line":108,"column":2},"end":{"line":108,"column":77}},{"start":{},"end":{}}],"line":108},"9":{"loc":{"start":{"line":127,"column":0},"end":{"line":131,"column":1}},"type":"if","locations":[{"start":{"line":127,"column":0},"end":{"line":131,"column":1}},{"start":{},"end":{}}],"line":127},"10":{"loc":{"start":{"line":129,"column":73},"end":{"line":129,"column":110}},"type":"binary-expr","locations":[{"start":{"line":129,"column":73},"end":{"line":129,"column":93}},{"start":{"line":129,"column":97},"end":{"line":129,"column":110}}],"line":129}},"s":{"0":1,"1":1,"2":1,"3":1,"4":1,"5":1,"6":1,"7":1,"8":1,"9":1,"10":1,"11":1,"12":1,"13":1,"14":23,"15":23,"16":23,"17":23,"18":23,"19":23,"20":23,"21":23,"22":23,"23":23,"24":1,"25":3,"26":1,"27":1,"28":1,"29":1,"30":1,"31":1,"32":3,"33":11,"34":3,"35":2,"36":1,"37":1,"38":8,"39":8,"40":1,"41":7,"42":7,"43":7,"44":7,"45":1,"46":3,"47":14,"48":3,"49":1,"50":2,"51":2,"52":1,"53":2,"54":1,"55":2,"56":2,"57":1,"58":3,"59":17,"60":3,"61":1,"62":2,"63":2,"64":2,"65":1,"66":1,"67":1,"68":0,"69":0,"70":1,"71":0,"72":0,"73":1,"74":0,"75":0,"76":1},"f":{"0":23,"1":23,"2":3,"3":1,"4":1,"5":3,"6":11,"7":8,"8":3,"9":14,"10":3,"11":17,"12":1,"13":0,"14":0,"15":0},"b":{"0":[1,1],"1":[23,22],"2":[2,1],"3":[1,7],"4":[8,7],"5":[1,2],"6":[1,1],"7":[1,1],"8":[1,2],"9":[0,1],"10":[0,0]},"_coverageSchema":"1a1c01bbd47fc00a2c39e90264f33305004495a9","hash":"aa3686881cd285b427824ad6336145056b5f66c3"}
,"C:\\Users\\User\\Todo-app\\src\\logger.js": {"path":"C:\\Users\\User\\Todo-app\\src\\logger.js","statementMap":{"0":{"start":{"line":1,"column":16},"end":{"line":1,"column":34}},"1":{"start":{"line":3,"column":15},"end":{"line":19,"column":2}},"2":{"start":{"line":21,"column":0},"end":{"line":21,"column":24}}},"fnMap":{},"branchMap":{"0":{"loc":{"start":{"line":4,"column":9},"end":{"line":4,"column":40}},"type":"binary-expr","locations":[{"start":{"line":4,"column":9},"end":{"line":4,"column":30}},{"start":{"line":4,"column":34},"end":{"line":4,"column":40}}],"line":4}},"s":{"0":1,"1":1,"2":1},"f":{},"b":{"0":[1,1]},"_coverageSchema":"1a1c01bbd47fc00a2c39e90264f33305004495a9","hash":"67620de5c61d6c0b1b99d5c39e530cfe792dadd6"}
}
