TN:
SF:src\app.js
FN:35,(anonymous_0)
FN:41,(anonymous_1)
FN:51,(anonymous_2)
FN:56,(anonymous_3)
FN:62,(anonymous_4)
FN:67,(anonymous_5)
FN:68,(anonymous_6)
FN:74,(anonymous_7)
FN:93,(anonymous_8)
FN:94,(anonymous_9)
FN:106,(anonymous_10)
FN:107,(anonymous_11)
FN:116,(anonymous_12)
FN:121,(anonymous_13)
FN:128,(anonymous_14)
FN:134,(anonymous_15)
FNF:16
FNH:13
FNDA:23,(anonymous_0)
FNDA:23,(anonymous_1)
FNDA:3,(anonymous_2)
FNDA:1,(anonymous_3)
FNDA:1,(anonymous_4)
FNDA:3,(anonymous_5)
FNDA:11,(anonymous_6)
FNDA:8,(anonymous_7)
FNDA:3,(anonymous_8)
FNDA:14,(anonymous_9)
FNDA:3,(anonymous_10)
FNDA:17,(anonymous_11)
FNDA:1,(anonymous_12)
FNDA:0,(anonymous_13)
FNDA:0,(anonymous_14)
FNDA:0,(anonymous_15)
DA:1,1
DA:2,1
DA:3,1
DA:4,1
DA:6,1
DA:7,1
DA:10,1
DA:11,1
DA:14,1
DA:17,1
DA:18,1
DA:20,1
DA:27,1
DA:35,1
DA:36,23
DA:37,23
DA:38,23
DA:40,23
DA:41,23
DA:42,23
DA:43,23
DA:44,23
DA:45,23
DA:47,23
DA:51,1
DA:52,3
DA:56,1
DA:57,1
DA:58,1
DA:62,1
DA:63,1
DA:67,1
DA:68,11
DA:69,3
DA:70,1
DA:74,1
DA:75,8
DA:76,8
DA:77,1
DA:80,7
DA:87,7
DA:88,7
DA:89,7
DA:93,1
DA:94,14
DA:95,3
DA:97,2
DA:98,2
DA:99,2
DA:101,2
DA:102,2
DA:106,1
DA:107,17
DA:108,3
DA:110,2
DA:111,2
DA:112,2
DA:116,1
DA:117,1
DA:121,1
DA:122,0
DA:123,0
DA:127,1
DA:128,0
DA:129,0
DA:134,1
DA:135,0
DA:136,0
DA:139,1
LF:69
LH:63
BRDA:7,0,0,1
BRDA:7,0,1,1
BRDA:36,1,0,23
BRDA:36,1,1,22
BRDA:69,2,0,2
BRDA:69,2,1,1
BRDA:76,3,0,1
BRDA:76,3,1,7
BRDA:76,4,0,8
BRDA:76,4,1,7
BRDA:95,5,0,1
BRDA:95,5,1,2
BRDA:98,6,0,1
BRDA:98,6,1,1
BRDA:99,7,0,1
BRDA:99,7,1,1
BRDA:108,8,0,1
BRDA:108,8,1,2
BRDA:127,9,0,0
BRDA:127,9,1,1
BRDA:129,10,0,0
BRDA:129,10,1,0
BRF:22
BRH:19
end_of_record
TN:
SF:src\logger.js
FNF:0
FNH:0
DA:1,1
DA:3,1
DA:21,1
LF:3
LH:3
BRDA:4,0,0,1
BRDA:4,0,1,1
BRF:2
BRH:2
end_of_record
